@ NAME             %05s "TWISS"
@ TYPE             %05s "TWISS"
@ SEQUENCE         %05s "EL2L2"
@ PARTICLE         %08s "POSITRON"
@ MASS             %le       0.00051099895
@ CHARGE           %le                   1
@ ENERGY           %le                1.54
@ PC               %le         1.539999915
@ GAMMA            %le         3013.704823
@ KBUNCH           %le                   1
@ BCURRENT         %le     8.046056069e-13
@ SIGE             %le               0.001
@ SIGT             %le                   1
@ NPART            %le                   1
@ EX               %le                   1
@ EY               %le                   1
@ ET               %le               0.001
@ BV_FLAG          %le                   1
@ LENGTH           %le         59.69637972
@ ALFA             %le                   0
@ ORBIT5           %le                  -0
@ GAMMATR          %le                   0
@ Q1               %le         1.647738076
@ Q2               %le         3.039548363
@ DQ1              %le        -1.526049108
@ DQ2              %le        -4.420797339
@ DXMAX            %le        0.3910925051
@ DYMAX            %le                   0
@ XCOMAX           %le                   0
@ YCOMAX           %le                   0
@ BETXMAX          %le         82.94394236
@ BETYMAX          %le         93.00489466
@ XCORMS           %le                   0
@ YCORMS           %le                   0
@ DXRMS            %le        0.1832248078
@ DYRMS            %le                   0
@ DELTAP           %le                   0
@ SYNCH_1          %le        -0.464899108
@ SYNCH_2          %le        0.3859173393
@ SYNCH_3          %le       0.05688790718
@ SYNCH_4          %le     -0.001538012794
@ SYNCH_5          %le       0.01761008199
@ SYNCH_6          %le         200.2381634
@ SYNCH_8          %le        0.5605251572
@ DQMIN            %le                   0
@ DQMIN_PHASE      %le                   0
@ TITLE            %01s "s"
@ ORIGIN           %17s "5.08.01 Darwin 64"
@ DATE             %08s "02/03/23"
@ TIME             %08s "13.56.59"
* NAME               KEYWORD                             S                  L               BETX               ALFX                 DX               BETY               ALFY                 DY              ANGLE                K1L                DDX                DPY                DPX 
$ %s                 %s                                %le                %le                %le                %le                %le                %le                %le                %le                %le                %le                %le                %le                %le 
 "EL2L2$START"       "MARKER"                             0                  0        13.56410613    -2.17265603e-07   -4.327521922e-11        2.329002081   -2.704218009e-07                  0                  0                  0                  0                  0   -5.628585871e-12
 "DEL2L2_BC_D0"      "DRIFT"                            0.4                0.4        13.57590214     -0.02948981254   -4.552665357e-11        2.397701248      -0.1717476481                  0                  0                  0    2.251434472e-12                  0   -5.628585871e-12
 "CAV_BC_1"          "RFCAVITY"                        0.75               0.35         13.6055762      -0.0552932084   -4.749665862e-11        2.570522236      -0.3220266036                  0                  0                  0     4.22143961e-12                  0   -5.628585871e-12
 "DEL2L2_BC_D1"      "DRIFT"                           1.15                0.4         13.6616066     -0.08478280367   -4.974809297e-11         2.89684247      -0.4937739812                  0                  0                  0    6.472874083e-12                  0   -5.628585871e-12
 "DEL2L2_BC_D0"      "DRIFT"                           1.55                0.4        13.74122869      -0.1142723989   -5.199952732e-11        3.360560606      -0.6655213589                  0                  0                  0    8.724308555e-12                  0   -5.628585871e-12
 "CAV_BC_1"          "RFCAVITY"                         1.9               0.35        13.83025055      -0.1400757948   -5.396953237e-11        3.879023192      -0.8158003144                  0                  0                  0    1.069431364e-11                  0   -5.628585871e-12
 "DEL2L2_BC_D01"     "DRIFT"                            2.3                0.4        13.95410703      -0.1695653901   -5.622096672e-11        4.600362395       -0.987547692                  0                  0                  0    1.294574811e-11                  0   -5.628585871e-12
 "DEL2L2_BC_D0"      "DRIFT"                            2.7                0.4        14.10155518      -0.1990549854   -5.847240107e-11        5.459099499        -1.15929507                  0                  0                  0    1.519718259e-11                  0   -5.628585871e-12
 "CAV_BC_1"          "RFCAVITY"                        3.05               0.35        14.24992486      -0.2248583812   -6.044240613e-11        6.323203683       -1.309574025                  0                  0                  0    1.716718762e-11                  0   -5.628585871e-12
 "DEL2L2_BC_D02"     "DRIFT"                           3.45                0.4         14.4416074      -0.2543479765   -6.269384047e-11        7.439561854       -1.481321403                  0                  0                  0    1.941862209e-11                  0   -5.628585871e-12
 "DEL2L2_BC_D001"    "DRIFT"                           3.46               0.01        14.44670173      -0.2550852164   -6.275012633e-11        7.469231219       -1.485615087                  0                  0                  0    1.947490796e-11                  0   -5.628585871e-12
 "QEL2L2_FD_Q01"     "QUADRUPOLE"                      3.56                0.1        14.23879613        2.321624594   -6.274616243e-11        7.909811312       -2.946646464                  0                  0       0.1803923284    1.929471235e-11                  0    5.707744682e-12
 "DEL2L2_FD_D01"     "DRIFT"                           7.35               3.79        3.087055048       0.6207873015   -4.111381009e-11        47.82907716       -7.586141358                  0                  0                  0   -1.567546517e-11                  0    5.707744682e-12
 "QEL2L2_FD_Q02"     "QUADRUPOLE"                      7.55                0.2        3.073870267      -0.5532803924   -4.145544265e-11        47.38764028        9.739811468                  0                  0      -0.3619235916   -1.662181268e-11                  0   -9.144652917e-12
 "DEL2L2_FD_D01"     "DRIFT"                          11.34               3.79        13.37118994       -2.163690497    -7.61136772e-11         2.61805904         2.07274295                  0                  0                  0   -1.765638026e-11                  0   -9.144652917e-12
 "QEL2L2_FD_Q01"     "QUADRUPOLE"                     11.44                0.1        13.56320712       0.2550787521   -7.633991082e-11         2.26637112        1.465258132                  0                  0       0.1803923284    -1.82117795e-11                  0    4.626784348e-12
 "DEL2L2_BC_D02"     "DRIFT"                          11.84                0.4        13.37170829       0.2236683295   -7.448919708e-11        1.316333445       0.9098360538                  0                  0                  0   -2.254182521e-11                  0    4.626784348e-12
 "BEL2L2_BC_B1"      "RBEND"                     13.3229392        1.482939195        12.88354997       0.1081405295       0.1611229836        1.673777648       -1.145114587                  0       0.2181661565                  0      -0.1591904117                  0       0.2190356354
 "DEL2L2_BC_D2"      "DRIFT"                    13.78386498       0.4609257814        12.80054352      0.07194584555        0.262082155        3.022775003        -1.78159815                  0                  0                  0      -0.2613604786                  0       0.2190356354
 "QEL2L2_BC_QF1"     "QUADRUPOLE"               14.08386498                0.3         11.5410238        3.986982922       0.3138475821        4.601391759       -3.652970173                  0                  0               0.33       -0.300102924                  0       0.1232154045
 "DEL2L2_BC_D3"      "DRIFT"                    14.54479076       0.4609257814        8.176647456        3.312188617       0.3706407387        8.631179022       -5.089841414                  0                  0                  0      -0.3146817084                  0       0.1232154045
 "BEL2L2_BC_B2"      "RBEND"                    16.02772995        1.482939195        1.599575656        1.158350186       0.3907926746        29.81423145       -8.853362816                  0      -0.2181661565                  0      -0.2000111362                  0     -0.09582023096
 "DEL2L2_BC_D4"      "DRIFT"                    16.57772995               0.55       0.7682497694       0.3531514262       0.3380915476        40.35835346       -10.31776811                  0                  0                  0     -0.09620394295                  0     -0.09582023096
 "QEL2L2_BC_QF2"     "QUADRUPOLE"               16.87772995                0.3       0.8111961956      -0.5044584401       0.3381445891        39.50486954        12.99692621                  0                  0             -0.576     -0.07558678742                  0      0.09617891864
 "DEL2L2_BC_D5"      "DRIFT"                    17.42772995               0.55        1.833903082       -1.355008626       0.3910429944        26.50937708         10.6312419                  0                  0                  0      -0.1027150647                  0      0.09617891864
 "BEL2L2_BC_B3"      "RBEND"                    18.91066915        1.482939195        9.168097483       -3.630158278        0.371418761        3.939034131        4.225110944                  0      -0.2181661565                  0     -0.01229889718                  0      -0.1228567168
 "DEL2L2_BC_D6"      "DRIFT"                    19.37159493       0.4609257814        12.84311289       -4.342959203       0.3147909328        1.060871712        2.019196783                  0                  0                  0      0.06653992354                  0      -0.1228567168
 "QEL2L2_BC_QF3"     "QUADRUPOLE"               19.67159493                0.3        14.18486901      0.01901535174       0.2630850334       0.3214613907       0.5263076249                  0                  0               0.33       0.1284683173                  0      -0.2190007513
 "DEL2L2_BC_D7"      "DRIFT"                    20.13252071       0.4609257814        14.18232251     -0.01349058429       0.1621419409       0.6802480025       -1.304711928                  0                  0                  0       0.2370377805                  0      -0.2190007513
 "BEL2L2_BC_B4"      "RBEND"                    21.61545991        1.482939195        14.37466037      -0.1172444746     0.001070278861        13.16121018       -6.910563241                  0       0.2181661565                  0       0.4166308654                  0    3.488408091e-05
 "DEL2L2_BC_D8"      "DRIFT"                    22.11545991                0.5        14.50953563      -0.1525060474     0.001087720901        20.99790186       -8.762820125                  0                  0                  0       0.4235731783                  0    3.488408091e-05
 "DEL2L2_BC_D02"     "DRIFT"                    22.51545991                0.4        14.64282417      -0.1807153057     0.001101674534        28.60088017       -10.24462563                  0                  0                  0       0.4291270286                  0    3.488408091e-05
 "DEL2L2_BC_D02"     "DRIFT"                    22.91545991                0.4        14.79868012      -0.2089245639     0.001115628166        37.38930288       -11.72643114                  0                  0                  0       0.4346808788                  0    3.488408091e-05
 "FODO_QD"           "QUADRUPOLE"               23.21545991                0.3        17.03162096       -7.566176492     0.001202486355        39.30301846        5.637053719                  0                  0              -0.45       0.4685359071                  0    0.0005506702675
 "DEL2L2_BC_D02"     "DRIFT"                    23.61545991                0.4        23.63175166       -8.934150258     0.001422754462        34.92680595        5.303477562                  0                  0                  0       0.5542729111                  0    0.0005506702675
 "DEL2L2_BC_D02"     "DRIFT"                    24.01545991                0.4        31.32626138       -10.30212402     0.001643022569        30.81745436        4.969901405                  0                  0                  0       0.6400099151                  0    0.0005506702675
 "DEL2L2_BC_D02"     "DRIFT"                    24.41545991                0.4         40.1151501       -11.67009779     0.001863290676         26.9749637        4.636325248                  0                  0                  0       0.7257469191                  0    0.0005506702675
 "DEL2L2_BC_D02"     "DRIFT"                    24.81545991                0.4        49.99841784       -13.03807156     0.002083558783        23.39933396        4.302749091                  0                  0                  0       0.8114839231                  0    0.0005506702675
 "DEL2L2_BC_D02"     "DRIFT"                    25.21545991                0.4         60.9760646       -14.40604532      0.00230382689        20.09056515        3.969172935                  0                  0                  0       0.8972209271                  0    0.0005506702675
 "DEL2L2_BC_D02"     "DRIFT"                    25.61545991                0.4        73.04809036       -15.77401909     0.002524094997        17.04865727        3.635596778                  0                  0                  0       0.9829579311                  0    0.0005506702675
 "FODO_QF"           "QUADRUPOLE"               25.91545991                0.3        72.55196381        17.35267678      0.00251713578        17.15112277       -3.992381694                  0                  0               0.45       0.9803872651                  0   -0.0005965419271
 "DEL2L2_BC_D02"     "DRIFT"                    26.31545991                0.4        59.33608226        15.68702708      0.00227851901         20.5030503        -4.38743715                  0                  0                  0       0.8878722361                  0   -0.0005965419271
 "DEL2L2_BC_D02"     "DRIFT"                    26.71545991                0.4        47.45272048        14.02137739     0.002039902239        24.17102221       -4.782492607                  0                  0                  0       0.7953572071                  0   -0.0005965419271
 "DEL2L2_BC_D02"     "DRIFT"                    27.11545991                0.4        36.90187845        12.35572769     0.001801285468        28.15503847       -5.177548064                  0                  0                  0       0.7028421781                  0   -0.0005965419271
 "DEL2L2_BC_D02"     "DRIFT"                    27.51545991                0.4        27.68355618        10.69007799     0.001562668697        32.45509911        -5.57260352                  0                  0                  0       0.6103271491                  0   -0.0005965419271
 "DEL2L2_BC_D02"     "DRIFT"                    27.91545991                0.4        19.79775366        9.024428293     0.001324051926        37.07120411       -5.967658977                  0                  0                  0       0.5178121201                  0   -0.0005965419271
 "FODO_QD"           "QUADRUPOLE"               28.21545991                0.3        17.06954588       0.4751924703     0.001231418915         35.6396747         10.5227365                  0                  0              -0.45       0.4821140739                  0   -2.794337493e-05
 "DEL2L2_BC_D02"     "DRIFT"                    28.61545991                0.4        16.70088191        0.446467444     0.001220241565        27.72307475        9.268763397                  0                  0                  0       0.4783685402                  0   -2.794337493e-05
 "DEL2L2_BC_D02"     "DRIFT"                    29.01545991                0.4        16.35519797       0.4177424178     0.001209064215        20.80965327        8.014790298                  0                  0                  0       0.4746230065                  0   -2.794337493e-05
 "DEL2L2_BC_D02"     "DRIFT"                    29.41545991                0.4        16.03249404       0.3890173915     0.001197886865        14.89941027        6.760817198                  0                  0                  0       0.4708774728                  0   -2.794337493e-05
 "DEL2L2_BC_D02"     "DRIFT"                    29.81545991                0.4        15.73277014       0.3602923653     0.001186709515         9.99234575        5.506844099                  0                  0                  0        0.467131939                  0   -2.794337493e-05
 "DEL2L2_BC_D02"     "DRIFT"                    30.21545991                0.4        15.45602626        0.331567339     0.001175532165        6.088459711        4.252870999                  0                  0                  0       0.4633864053                  0   -2.794337493e-05
 "DEL2L2_BC_D02"     "DRIFT"                    30.61545991                0.4         15.2022624       0.3028423127     0.001164354815        3.187752152          2.9988979                  0                  0                  0       0.4596408716                  0   -2.794337493e-05
 "DEL2L2_BC_D002"    "DRIFT"                    30.62545991               0.01        15.19621273       0.3021241871     0.001164075381        3.128087687        2.967548572                  0                  0                  0       0.4595472332                  0   -2.794337493e-05
 "BEL2L2_BC_B1"      "RBEND"                     32.1083991        1.482939195        14.46267443       0.1964732977       0.1622459486        1.283355984       -1.753300958                  0       0.2181661565                  0       0.2866076478                  0        0.219007692
 "DEL2L2_BC_D2"      "DRIFT"                    32.56932488       0.4609257814        14.29681198       0.1633730348       0.2631922402        3.574078304       -3.216528052                  0                  0                  0       0.1801218572                  0        0.219007692
 "QEL2L2_BC_QF1"     "QUADRUPOLE"               32.86932488                0.3        12.84209457        4.524599881       0.3148949246        6.294843337       -6.150016045                  0                  0               0.33       0.1169968123                  0       0.1228285193
 "DEL2L2_BC_D3"      "DRIFT"                    33.33025067       0.4609257814        9.026306171        3.753931186       0.3715097558        13.27452123       -8.992720964                  0                  0                  0      0.03242750772                  0       0.1228285193
 "BEL2L2_BC_B2"      "RBEND"                    34.81318986        1.482939195        1.599660024        1.294076619       0.3910925051        52.24455886       -16.65831282                  0      -0.2181661565                  0     -0.07627788101                  0     -0.09620711608
 "DEL2L2_BC_D4"      "DRIFT"                    35.36318986               0.55       0.6819562606       0.3744756783       0.3381785912        72.18123576       -19.59019062                  0                  0                  0     -0.05598755267                  0     -0.09620711608
 "QEL2L2_BC_QF2"     "QUADRUPOLE"               35.66318986                0.3        0.714615763      -0.4895402416        0.338119825        71.30923899         22.3274621                  0                  0             -0.576     -0.07872772434                  0      0.09580971613
 "DEL2L2_BC_D5"      "DRIFT"                    36.21318986               0.55        1.777859185       -1.443629616       0.3908151689        48.86801919        18.47475572                  0                  0                  0      -0.1835928343                  0      0.09580971613
 "BEL2L2_BC_B3"      "RBEND"                    37.69612906        1.482939195        9.780274949       -3.995737823       0.3706477635         8.48059945        8.109233705                  0      -0.2181661565                  0      -0.3010924853                  0      -0.1232259193
 "DEL2L2_BC_D6"      "DRIFT"                    38.15705484       0.4609257814        13.83229528       -4.795309442       0.3138497604        2.677526194        4.480804626                  0                  0                  0      -0.2874002702                  0      -0.1232259193
 "QEL2L2_BC_QF3"     "QUADRUPOLE"               38.45705484                0.3        15.34955107     -0.09419970189       0.2620811237       0.8141707457        1.934009136                  0                  0               0.33      -0.2498489432                  0      -0.2190463411
 "DEL2L2_BC_D7"      "DRIFT"                    38.91798062       0.4609257814        15.45035299      -0.1244947798       0.1611170178       0.2682757782      -0.7496645202                  0                  0                  0      -0.1504222574                  0      -0.2190463411
 "BEL2L2_BC_B4"      "RBEND"                    40.40091982        1.482939195        15.95892849      -0.2211919548    -2.17160924e-05        15.22989056       -9.098436983                  0       0.2181661565                  0    1.147386898e-05                  0   -1.070566304e-05
 "DEL2L2_BC_D8"      "DRIFT"                    40.90091982                0.5        16.19655209      -0.2540552477   -2.706892392e-05        25.70360918       -11.84900027                  0                  0                  0    -0.002964601238                  0   -1.070566304e-05
 "DEL2L2_BC_D02"     "DRIFT"                    41.30091982                0.4        16.41031254       -0.280345882   -3.135118914e-05        36.06298964       -14.04945089                  0                  0                  0    -0.005345461324                  0   -1.070566304e-05
 "DEL2L2_BC_D02"     "DRIFT"                    41.70091982                0.4         16.6451055      -0.3066365163   -3.563345435e-05        48.18273061       -16.24990152                  0                  0                  0     -0.00772632141                  0   -1.070566304e-05
 "FODO_QD"           "QUADRUPOLE"               42.00091982                0.3        19.20233113       -8.597624302   -4.135034522e-05        51.33460904        6.220732321                  0                  0              -0.45     -0.01007730291                  0   -2.783474793e-05
 "DEL2L2_BC_D02"     "DRIFT"                    42.40091982                0.4        26.70468098       -10.15825031   -5.248424439e-05        46.48175261        5.911408757                  0                  0                  0     -0.01403592733                  0   -2.783474793e-05
 "DEL2L2_BC_D02"     "DRIFT"                    42.80091982                0.4        35.45553163       -11.71887633   -6.361814356e-05        41.87635503        5.602085193                  0                  0                  0     -0.01799455176                  0   -2.783474793e-05
 "DEL2L2_BC_D02"     "DRIFT"                    43.20091982                0.4         45.4548831       -13.27950234   -7.475204273e-05         37.5184163        5.292761628                  0                  0                  0     -0.02195317619                  0   -2.783474793e-05
 "DEL2L2_BC_D02"     "DRIFT"                    43.60091982                0.4        56.70273538       -14.84012835    -8.58859419e-05        33.40793643        4.983438064                  0                  0                  0     -0.02591180062                  0   -2.783474793e-05
 "DEL2L2_BC_D02"     "DRIFT"                    44.00091982                0.4        69.19908846       -16.40075436   -9.701984107e-05         29.5449154        4.674114499                  0                  0                  0     -0.02987042505                  0   -2.783474793e-05
 "DEL2L2_BC_D02"     "DRIFT"                    44.40091982                0.4        82.94394236       -17.96138038   -0.0001081537402        25.92935323        4.364790935                  0                  0                  0     -0.03382904947                  0   -2.783474793e-05
 "FODO_QF"           "QUADRUPOLE"               44.70091982                0.3        82.40980001        19.66100302   -0.0001090989273        26.80196666       -7.403231323                  0                  0               0.45     -0.03448110083                  0    2.160454984e-05
 "DEL2L2_BC_D02"     "DRIFT"                    45.10091982                0.4        67.43344216         17.7798916   -0.0001004571074        33.05770837       -8.236122949                  0                  0                  0     -0.03224170281                  0    2.160454984e-05
 "DEL2L2_BC_D02"     "DRIFT"                    45.50091982                0.4        53.96197345        15.89878018   -9.181528744e-05        39.97976338       -9.069014576                  0                  0                  0     -0.03000230479                  0    2.160454984e-05
 "DEL2L2_BC_D02"     "DRIFT"                    45.90091982                0.4        41.99539387        14.01766876    -8.31734675e-05        47.56813169       -9.901906202                  0                  0                  0     -0.02776290677                  0    2.160454984e-05
 "DEL2L2_BC_D02"     "DRIFT"                    46.30091982                0.4        31.53370343        12.13655734   -7.453164756e-05        55.82281331       -10.73479783                  0                  0                  0     -0.02552350874                  0    2.160454984e-05
 "DEL2L2_BC_D02"     "DRIFT"                    46.70091982                0.4        22.57690212        10.25544592   -6.588982763e-05        64.74380822       -11.56768946                  0                  0                  0     -0.02328411072                  0    2.160454984e-05
 "FODO_QD"           "QUADRUPOLE"               47.00091982                0.3        19.48486603       0.5110251496   -6.375946859e-05        62.90142771        17.43008113                  0                  0              -0.45     -0.02315155456                  0   -7.242737681e-06
 "DEL2L2_BC_D02"     "DRIFT"                    47.40091982                0.4        19.08640182       0.4851353806   -6.665656366e-05        49.73269078        15.49176119                  0                  0                  0     -0.02503356535                  0   -7.242737681e-06
 "DEL2L2_BC_D02"     "DRIFT"                    47.80091982                0.4        18.70864943       0.4592456115   -6.955365873e-05         38.1146098        13.55344126                  0                  0                  0     -0.02691557614                  0   -7.242737681e-06
 "DEL2L2_BC_D02"     "DRIFT"                    48.20091982                0.4        18.35160884       0.4333558425   -7.245075381e-05        28.04718476        11.61512132                  0                  0                  0     -0.02879758693                  0   -7.242737681e-06
 "DEL2L2_BC_D02"     "DRIFT"                    48.60091982                0.4        18.01528008       0.4074660734   -7.534784888e-05        19.53041568        9.676801389                  0                  0                  0     -0.03067959772                  0   -7.242737681e-06
 "DEL2L2_BC_D02"     "DRIFT"                    49.00091982                0.4        17.69966313       0.3815763044   -7.824494395e-05        12.56430254        7.738481454                  0                  0                  0     -0.03256160851                  0   -7.242737681e-06
 "DEL2L2_BC_D02"     "DRIFT"                    49.40091982                0.4        17.40475799       0.3556865354   -8.114203902e-05        7.148845353        5.800161519                  0                  0                  0     -0.03444361929                  0   -7.242737681e-06
 "DEL2L2_BC_D003"    "DRIFT"                    49.41091982               0.01        17.39765073       0.3550392911    -8.12144664e-05        7.033326702        5.751703521                  0                  0                  0     -0.03449066956                  0   -7.242737681e-06
 "BEL2L2_BC_B1"      "RBEND"                    50.89385901        1.482939195        16.49307281       0.2598165018       0.1610311136        0.706421943       -1.587179758                  0       0.2181661565                  0      -0.2006053365                  0       0.2190283927
 "DEL2L2_BC_D2"      "DRIFT"                    51.35478479       0.4609257814        16.26731143       0.2299833467       0.2619869467        3.227928268       -3.883345923                  0                  0                  0      -0.3049439916                  0       0.2190283927
 "QEL2L2_BC_QF1"     "QUADRUPOLE"               51.65478479                0.3        14.58587051        5.188628869       0.3137549107        6.508380501       -7.409985228                  0                  0               0.33      -0.3429397457                  0       0.1232394202
 "DEL2L2_BC_D3"      "DRIFT"                    52.11571057       0.4609257814        10.20942485        4.306274297       0.3705591367        15.16428373        -11.3694009                  0                  0                  0      -0.3530743765                  0       0.1232394202
 "BEL2L2_BC_B2"      "RBEND"                    53.59864977        1.482939195        1.682020985        1.489935785       0.3907464047        66.25352234       -22.25878797                  0      -0.2181661565                  0      -0.2242200911                  0     -0.09579621524
 "DEL2L2_BC_D4"      "DRIFT"                    54.14864977               0.55       0.6221702264       0.4370655953       0.3380584863        93.00489466       -26.38007078                  0                  0                  0      -0.1151098689                  0     -0.09579621524
 "QEL2L2_BC_QF2"     "QUADRUPOLE"               54.44864977                0.3         0.62495071      -0.4468616763        0.338116044        92.54135761         27.8351527                  0                  0             -0.576     -0.09317052512                  0      0.09618544286
 "DEL2L2_BC_D5"      "DRIFT"                    54.99864977               0.55        1.697192063       -1.502668056       0.3910180376         64.4586175        23.22437477                  0                  0                  0      -0.1206844337                  0      0.09618544286
 "BEL2L2_BC_B3"      "RBEND"                    56.48158896        1.482939195        10.27361437        -4.32686063       0.3714034026        12.61592527        10.89975573                  0      -0.2181661565                  0      -0.0313002997                  0      -0.1228501926
 "DEL2L2_BC_D6"      "DRIFT"                    56.94251475       0.4609257814        14.67017176       -5.211675867       0.3147785816        4.585482889        6.522663899                  0                  0                  0      0.04721533515                  0      -0.1228501926
 "QEL2L2_BC_QF3"     "QUADRUPOLE"               57.24251475                0.3        16.35693692      -0.2240942393       0.2630752137         1.76081343        3.201583041                  0                  0               0.33       0.1098849645                  0      -0.2189905384
 "DEL2L2_BC_D7"      "DRIFT"                    57.70344053       0.4609257814        16.57715934      -0.2536885735       0.1621368286       0.1668244385       0.2566504875                  0                  0                  0       0.2210365535                  0      -0.2189905384
 "BEL2L2_BC_B4"      "RBEND"                    59.18637972        1.482939195        17.46258493      -0.3481490837     0.001080191809        13.46641701       -9.010768242                  0       0.2181661565                  0       0.4088718672                  0    4.509697785e-05
 "DEL2L2_BC_D8"      "DRIFT"                    59.68637972                0.5        17.82678559      -0.3802522285     0.001102740298        24.00309122       -12.06258018                  0                  0                  0       0.4186153236                  0    4.509697785e-05
 "DEL2L2_BC_D004"    "DRIFT"                    59.69637972               0.01        17.83439705      -0.3808942914     0.001103191268        24.24495318       -12.12361642                  0                  0                  0       0.4188101927                  0    4.509697785e-05
 "EL2L2$END"         "MARKER"                   59.69637972                  0        17.83439705      -0.3808942914     0.001103191268        24.24495318       -12.12361642                  0                  0                  0       0.4188101927                  0    4.509697785e-05
