@ NAME             %05s "TWISS"
@ TYPE             %05s "TWISS"
@ SEQUENCE         %07s "BC_LINE"
@ PARTICLE         %08s "POSITRON"
@ MASS             %le       0.00051099895
@ CHARGE           %le                   1
@ ENERGY           %le                1.54
@ PC               %le         1.539999915
@ GAMMA            %le         3013.704823
@ KBUNCH           %le                   1
@ BCURRENT         %le     1.735138389e-12
@ SIGE             %le               0.001
@ SIGT             %le                   1
@ NPART            %le                   1
@ EX               %le                   1
@ EY               %le                   1
@ ET               %le               0.001
@ BV_FLAG          %le                   1
@ LENGTH           %le         27.68196598
@ ALFA             %le                   0
@ ORBIT5           %le                  -0
@ GAMMATR          %le                   0
@ Q1               %le        0.5510471902
@ Q2               %le        0.6116114307
@ DQ1              %le       -0.9931447627
@ DQ2              %le       -0.1597696649
@ DXMAX            %le        0.2831689073
@ DYMAX            %le               0.001
@ XCOMAX           %le                   0
@ YCOMAX           %le                   0
@ BETXMAX          %le         20.67739429
@ BETYMAX          %le           22.218434
@ XCORMS           %le                   0
@ YCORMS           %le                   0
@ DXRMS            %le        0.1563647607
@ DYRMS            %le     0.0008114219688
@ DELTAP           %le                   0
@ SYNCH_1          %le       -0.2422654428
@ SYNCH_2          %le        0.6598013313
@ SYNCH_3          %le        0.2187984072
@ SYNCH_4          %le     -0.001515756785
@ SYNCH_5          %le       0.02611452962
@ SYNCH_6          %le          4.26000128
@ SYNCH_8          %le        0.0156144409
@ DQMIN            %le                   0
@ DQMIN_PHASE      %le                   0
@ TITLE            %01s "s"
@ ORIGIN           %17s "5.08.01 Darwin 64"
@ DATE             %08s "20/02/23"
@ TIME             %08s "11.04.31"
* NAME               KEYWORD                             S                  L               BETX               ALFX                 DX               BETY               ALFY                 DY              ANGLE                K1L                DDX 
$ %s                 %s                                %le                %le                %le                %le                %le                %le                %le                %le                %le                %le                %le 
 "BC_LINE$START"     "MARKER"                             0                  0                  8                  0              0.001                  8                  0              0.001                  0                  0                  0
 "DPTL_BC_D0"        "DRIFT"                            0.4                0.4               8.02              -0.05              0.001               8.02              -0.05              0.001                  0                  0                  0
 "CAV_BC_1"          "RFCAVITY"                         0.9                0.5            8.10125            -0.1125              0.001            8.10125            -0.1125              0.001                  0                  0                  0
 "DPTL_BC_D1"        "DRIFT"                            1.3                0.4            8.21125            -0.1625              0.001            8.21125            -0.1625              0.001                  0                  0                  0
 "DPTL_BC_D0"        "DRIFT"                            1.7                0.4            8.36125            -0.2125              0.001            8.36125            -0.2125              0.001                  0                  0                  0
 "CAV_BC_1"          "RFCAVITY"                         2.2                0.5              8.605             -0.275              0.001              8.605             -0.275              0.001                  0                  0                  0
 "DPTL_BC_D1"        "DRIFT"                            2.6                0.4              8.845             -0.325              0.001              8.845             -0.325              0.001                  0                  0                  0
 "DPTL_BC_D0"        "DRIFT"                              3                0.4              9.125             -0.375              0.001              9.125             -0.375              0.001                  0                  0                  0
 "CAV_BC_1"          "RFCAVITY"                         3.5                0.5            9.53125            -0.4375              0.001            9.53125            -0.4375              0.001                  0                  0                  0
 "DPTL_BC_D1"        "DRIFT"                            3.9                0.4            9.90125            -0.4875              0.001            9.90125            -0.4875              0.001                  0                  0                  0
 "DPTL_BC_D0"        "DRIFT"                            4.3                0.4           10.31125            -0.5375              0.001           10.31125            -0.5375              0.001                  0                  0                  0
 "CAV_BC_1"          "RFCAVITY"                         4.8                0.5              10.88               -0.6              0.001              10.88               -0.6              0.001                  0                  0                  0
 "DPTL_BC_D1"        "DRIFT"                            5.2                0.4              11.38              -0.65              0.001              11.38              -0.65              0.001                  0                  0                  0
 "DPTL_BC_D0"        "DRIFT"                            5.6                0.4              11.92               -0.7              0.001              11.92               -0.7              0.001                  0                  0                  0
 "CAV_BC_1"          "RFCAVITY"                         6.1                0.5           12.65125            -0.7625              0.001           12.65125            -0.7625              0.001                  0                  0                  0
 "DPTL_BC_D1"        "DRIFT"                            6.5                0.4           13.28125            -0.8125              0.001           13.28125            -0.8125              0.001                  0                  0                  0
 "DPTL_BC_D0"        "DRIFT"                            6.9                0.4           13.95125            -0.8625              0.001           13.95125            -0.8625              0.001                  0                  0                  0
 "CAV_BC_1"          "RFCAVITY"                         7.4                0.5             14.845             -0.925              0.001             14.845             -0.925              0.001                  0                  0                  0
 "DPTL_BC_D1"        "DRIFT"                            7.8                0.4             15.605             -0.975              0.001             15.605             -0.975              0.001                  0                  0                  0
 "BPTL_BC_B1"        "RBEND"                    8.300573204       0.5005732038        16.60768708       -1.037285344      0.04240410604        16.17195926      -0.1420154745    0.0009862225607       0.1658062789                  0     -0.04110435508
 "DPTL_BC_D2"        "DRIFT"                    8.756830498       0.4562572943        17.58024643       -1.094317506       0.1182282254        16.31468239      -0.1707973471    0.0009612801376                  0                  0      -0.1174518942
 "QPTL_BC_QF1"       "QUADRUPOLE"               9.056830498                0.3        17.67675111       0.7760781378       0.1659296132        16.95343114       -1.981056164    0.0009602330538                  0             0.1068      -0.1633587136
 "DPTL_BC_D3"        "DRIFT"                    9.513087792       0.4562572943        16.98743799       0.7347210007       0.2348119268        18.82164261        -2.11358846    0.0009819820466                  0                  0      -0.2258858075
 "BPTL_BC_B2"        "RBEND"                      10.013661       0.5005732038        16.27774608       0.6895544941       0.2686348235        20.46623137       -1.126558071    0.0009923143039      -0.1658062789                  0      -0.2551359051
 "DPTL_BC_D4"        "DRIFT"                      10.763661               0.75        15.29440177        0.621571246       0.2572238184          22.218434       -1.209712111    0.0009873111003                  0                  0      -0.2325608776
 "QPTL_BC_QF2"       "QUADRUPOLE"                 11.063661                0.3        15.49181485       -1.287688948       0.2573916841        22.12656816        1.512155781    0.0009671621592                  0             -0.123      -0.2325260334
 "DPTL_BC_D5"        "DRIFT"                      11.813661               0.75         17.5198641       -1.416376719       0.2696445972        19.94188658        1.400752995    0.0008717306383                  0                  0      -0.2549288819
 "BPTL_BC_B3"        "RBEND"                     12.3142342       0.5005732038        18.97397806       -1.501873914       0.2363810448        18.05035718        2.325912668    0.0007960264727      -0.1658062789                  0      -0.2255963311
 "DPTL_BC_D6"        "DRIFT"                    12.77049149       0.4562572943        20.38017861       -1.580160226       0.1680109002        16.00185153        2.163890953    0.0007170281456                  0                  0      -0.1629702223
 "QPTL_BC_QF3"       "QUADRUPOLE"               13.07049149                0.3        20.67739429       0.6000448541       0.1206112268         15.2261074       0.4494804724    0.0006763245422                  0             0.1068      -0.1169698954
 "DPTL_BC_D7"        "DRIFT"                    13.52674879       0.4562572943        20.14353702       0.5700345699      0.04519021649        14.83238406       0.4134610112    0.0006311837032                  0                  0     -0.04043525474
 "BPTL_BC_B4"        "RBEND"                    14.02732199       0.5005732038         19.5917912       0.5372600649     0.004226349472        14.03804458        1.151535897     0.000572962275       0.1658062789                  0     0.000841629439
 "DPTL_BC_D8"        "DRIFT"                    14.42732199                0.4        19.17250714       0.5109500993     0.004579754457        13.14332707        1.085257865    0.0005201305368                  0                  0     0.001010514876
 "BPTL_BC_B1"        "RBEND"                     14.9278952       0.5005732038        18.67964286       0.4781755943      0.04642409951        11.75364513        1.652674712    0.0004468490887       0.1658062789                  0     -0.03982725051
 "DPTL_BC_D2"        "DRIFT"                    15.38415249       0.4562572943        18.25699307       0.4481653101       0.1226513278         10.3116416        1.507830436    0.0003744438663                  0                  0      -0.1159877486
 "QPTL_BC_QF1"       "QUADRUPOLE"               15.68415249                0.3        17.42092429        2.308902804       0.1705456872         9.75030141       0.3832446954    0.0003325957031                  0             0.1068      -0.1617237414
 "DPTL_BC_D3"        "DRIFT"                    16.14040978       0.4562572943        15.38966924        2.143091878       0.2396102881        9.425071058       0.3295775578    0.0002773710438                  0                  0      -0.2239180904
 "BPTL_BC_B2"        "RBEND"                    16.64098299       0.5005732038        13.34416865        1.962008252       0.2736322625        8.871217609       0.7616170206    0.0002129609943      -0.1658062789                  0      -0.2528745918
 "DPTL_BC_D4"        "DRIFT"                    17.39098299               0.75        10.60557744        1.689446703        0.262520903        7.828979455       0.6280338512    0.0001120605075                  0                  0      -0.2297492039
 "QPTL_BC_QF2"       "QUADRUPOLE"               17.69098299                0.3        9.996083282       0.3671284827       0.2629073976        7.191841093        1.469573529    6.988690382e-05                  0             -0.123      -0.2295398973
 "DPTL_BC_D5"        "DRIFT"                    18.44098299               0.75        9.509247131       0.2819863857       0.2759571686        5.234608211        1.140070313   -3.943180935e-05                  0                  0      -0.2516214707
 "BPTL_BC_B3"        "RBEND"                    18.94155619       0.5005732038        9.256415314       0.2254199346       0.2432230304        4.075797177        1.143003525   -0.0001118512313      -0.1658062789                  0      -0.2220475742
 "DPTL_BC_D6"        "DRIFT"                    19.39781349       0.4562572943        9.074348457       0.1736243309       0.1753376487        3.150591727       0.8848116154   -0.0001764547419                  0                  0      -0.1592313551
 "QPTL_BC_QF3"       "QUADRUPOLE"               19.69781349                0.3        8.694842977        1.077854592       0.1281379577        2.761796249       0.4249849581   -0.0002219946421                  0             0.1068      -0.1130479843
 "DPTL_BC_D7"        "DRIFT"                    20.15407078       0.4562572943        7.763041746       0.9644168255      0.05283884878         2.46298006       0.2299441636   -0.0002962801918                  0                  0      -0.0361465475
 "BPTL_BC_B4"        "RBEND"                    20.65464399       0.5005732038        6.863667674       0.8405304061       0.0120081114        2.275659494       0.1391122832   -0.0003736990558       0.1658062789                  0     0.005428757092
 "DPTL_BC_D8"        "DRIFT"                    21.05464399                0.4        6.231023628       0.7410797075      0.01246838714        2.236039597     -0.04006254152    -0.000431449049                  0                  0     0.005920669425
 "BPTL_BC_B1"        "RBEND"                    21.55521719       0.5005732038        5.554219623       0.6171932881      0.05444586183        2.326647287      -0.1384515042   -0.0004977750338       0.1658062789                  0     -0.03440222491
 "DPTL_BC_D2"        "DRIFT"                    22.01147448       0.4562572943        5.042778552       0.5037555214       0.1307949916        2.544173786      -0.3383112812   -0.0005519782389                  0                  0      -0.1101959683
 "QPTL_BC_QF1"       "QUADRUPOLE"               22.31147448                0.3        4.609226166       0.9259515665       0.1786389631        2.873760472      -0.7720193087   -0.0005966750815                  0             0.1068      -0.1556544413
 "DPTL_BC_D3"        "DRIFT"                    22.76773178       0.4562572943        3.848168698       0.7420929276       0.2474288067        3.693852101       -1.025413059   -0.0006787897525                  0                  0      -0.2173740729
 "BPTL_BC_B2"        "RBEND"                    23.26830498       0.5005732038        3.208676522       0.5412992316       0.2811507161        4.744376648       -1.044316205   -0.0007595281718      -0.1658062789                  0      -0.2458764378
 "DPTL_BC_D4"        "DRIFT"                    24.01830498               0.75        2.623399085       0.2390706844        0.269587708        6.558715012       -1.374801613   -0.0008648185651                  0                  0      -0.2219758068
 "QPTL_BC_QF2"       "QUADRUPOLE"               24.31830498                0.3        2.611117555      -0.1976299435        0.269923214        7.163571597      -0.6165266632    -0.000890769287                  0             -0.123      -0.2214407022
 "DPTL_BC_D5"        "DRIFT"                    25.06830498               0.75        3.131401453      -0.4960819202       0.2831689073        8.196730598      -0.7610186712   -0.0009148332657                  0                  0      -0.2426627403
 "BPTL_BC_B3"        "RBEND"                    25.56887819       0.5005732038        3.724581392      -0.6943665497       0.2505649353        8.772095264      -0.3725570174   -0.0009182902497      -0.1658062789                  0      -0.2124497409
 "DPTL_BC_D6"        "DRIFT"                    26.02513548       0.4562572943        4.441039615      -0.8759277382       0.1827987415        9.139083827      -0.4317886162   -0.0009099095556                  0                  0      -0.1491119289
 "QPTL_BC_QF3"       "QUADRUPOLE"               26.32513548                0.3        4.850097736      -0.4730056632       0.1355577937        9.711492455       -1.496574496   -0.0009189852897                  0             0.1068       -0.102629801
 "DPTL_BC_D7"        "DRIFT"                    26.78139277       0.4562572943        5.334246124      -0.5881245241      0.06001434055        11.14658387       -1.648781052   -0.0009550454511                  0                  0     -0.02534398632
 "BPTL_BC_B4"        "RBEND"                    27.28196598       0.5005732038        5.982996019      -0.7138468818      0.01891675259        12.55307697        -1.12227266   -0.0009814500266       0.1658062789                  0      0.01654802571
 "DPTL_BC_D8"        "DRIFT"                    27.68196598                0.4        6.594443329      -0.8147713929      0.01916281215        13.47969436       -1.194270814    -0.000991744391                  0                  0      0.01737399547
 "BC_LINE$END"       "MARKER"                   27.68196598                  0        6.594443329      -0.8147713929      0.01916281215        13.47969436       -1.194270814    -0.000991744391                  0                  0      0.01737399547
